<?xml version="1.0" encoding="UTF-8"?>
<!-- Generated by org.testng.reporters.JUnitReportReporter -->
<testsuite hostname="AMB01262.local" failures="0" tests="2" name="demo.com.qa.crater.HomePage" time="4.437" errors="0" timestamp="05 Jul 2020 14:51:08 GMT" skipped="0">
  <testcase classname="demo.com.qa.crater.HomePage" name="urlTest" time="0.016"/>
  <testcase classname="demo.com.qa.crater.HomePage" name="enterUserName_password_login_getStarted" time="4.421"/>
</testsuite> <!-- demo.com.qa.crater.HomePage -->
