<?xml version="1.0" encoding="UTF-8"?>
<!-- Generated by org.testng.reporters.JUnitReportReporter -->
<testsuite hostname="DESKTOP-EM7JD7A" failures="0" tests="5" name="demo.com.qa.testcases.CraterAppTest" time="93.615" errors="0" timestamp="08 Jul 2020 16:09:08 GMT" skipped="0">
  <testcase classname="demo.com.qa.testcases.CraterAppTest" name="craterLogin" time="12.341"/>
  <testcase classname="demo.com.qa.testcases.CraterAppTest" name="newCustomerAddition" time="40.703"/>
  <testcase classname="demo.com.qa.testcases.CraterAppTest" name="newItemAddition" time="18.986"/>
  <testcase classname="demo.com.qa.testcases.CraterAppTest" name="newInvoiceAddition" time="12.028"/>
  <testcase classname="demo.com.qa.testcases.CraterAppTest" name="newPayment" time="9.557"/>
</testsuite> <!-- demo.com.qa.testcases.CraterAppTest -->
